\BOOKMARK [0][]{CAPA.0}{CAPA}{}% 1
\BOOKMARK [0][]{VERSO.0}{VERSO}{}% 2
\BOOKMARK [0][]{FOLHA DE ROSTO.0}{FOLHA DE ROSTO}{}% 3
\BOOKMARK [0][]{nomefichac.0}{FICHA CATALOGR\301FICA}{}% 4
\BOOKMARK [0][]{aprovacao.0}{FOLHA DE APROVA\307\303O}{}% 5
\BOOKMARK [0][]{nomeepigrafe.0}{EP\315GRAFE}{}% 6
\BOOKMARK [0][]{nomededicatoria.0}{DEDICAT\323RIA}{}% 7
\BOOKMARK [0][]{nomethank.0}{AGRADECIMENTOS}{}% 8
\BOOKMARK [0][]{nomeresumo.0}{RESUMO}{}% 9
\BOOKMARK [0][]{nomeabstract.0}{ABSTRACT}{}% 10
\BOOKMARK [0][]{listfigurename.0}{LISTA DE FIGURAS}{}% 11
\BOOKMARK [0][]{listtablename.0}{LISTA DE TABELAS}{}% 12
\BOOKMARK [0][]{nomeabreviaturasesiglas.0}{LISTA DE ABREVIATURAS E SIGLAS}{}% 13
\BOOKMARK [0][]{listsimbname.0}{LISTA DE S\315MBOLOS}{}% 14
\BOOKMARK [0][]{contentsname.0}{SUM\301RIO}{}% 15
\BOOKMARK [0][]{chapter.1}{1 INTRODU\307\303O}{}% 16
\BOOKMARK [0][]{chapter.2}{2 DADOS ANALISADOS}{}% 17
\BOOKMARK [1][]{section.2.1}{2.1 A Amaz\364nia}{chapter.2}% 18
\BOOKMARK [1][]{section.2.2}{2.2 O projeto LBA}{chapter.2}% 19
\BOOKMARK [1][]{section.2.3}{2.3 S\355tio experimental e dados}{chapter.2}% 20
\BOOKMARK [0][]{chapter.3}{3 AN\301LISE E RESULTADOS}{}% 21
\BOOKMARK [1][]{section.3.1}{3.1 Estacionaridade}{chapter.3}% 22
\BOOKMARK [1][]{section.3.2}{3.2 Decomposi\347\343o dos Dados}{chapter.3}% 23
\BOOKMARK [1][]{section.3.3}{3.3 Caracterizando a turbul\352ncia acima da copa da floresta Amaz\364nica}{chapter.3}% 24
\BOOKMARK [2][]{subsection.3.3.1}{3.3.1 Espectros de pot\352ncia}{section.3.3}% 25
\BOOKMARK [2][]{subsection.3.3.2}{3.3.2 Intermit\352ncia}{section.3.3}% 26
\BOOKMARK [0][]{chapter.4}{4 CONCLUS\325ES}{}% 27
\BOOKMARK [0][]{chapter.5}{REFER\312NCIAS BIBLIOGR\301FICAS}{}% 28
\BOOKMARK [0][]{appendix.A}{ AP\312NDICE A - AUTORIZA\307\303O PARA PUBLICA\307\303O}{}% 29
\BOOKMARK [1][]{section.A.1}{A.1 Autoriza\347\343o para Publica\347\343o de Trabalho Acad\352mico - INPE-393}{appendix.A}% 30
\BOOKMARK [2][]{subsection.A.1.1}{A.1.1 Instru\347\365es do Formul\341rio INPE-393}{section.A.1}% 31
\BOOKMARK [1][]{section.A.2}{A.2 Autoriza\347\343o para Publica\347\343o - INPE-106}{appendix.A}% 32
\BOOKMARK [2][]{subsection.A.2.1}{A.2.1 Instru\347\365es do Formul\341rio INPE-106}{section.A.2}% 33
\BOOKMARK [0][]{anexo.a}{ ANEXO A - ABREVIATURA DOS MESES}{}% 34
\BOOKMARK [0][]{anexo.b}{ ANEXO B - EXEMPLOS DE FIGURAS E TABELAS NO LaTeX}{}% 35
\BOOKMARK [1][]{section.b.1}{B.1 Figuras}{anexo.b}% 36
\BOOKMARK [1][]{section.b.2}{B.2 Tabelas}{anexo.b}% 37
\BOOKMARK [0][]{anexo.c}{ ANEXO C - TIPOS DE REFER\312NCIAS NO LaTeX}{}% 38
